[debug] [2022-08-10T13:53:47.974Z] ----------------------------------------------------------------------
[debug] [2022-08-10T13:53:47.976Z] Command:       C:\Program Files\nodejs\node.exe C:\Users\x1 carbon\AppData\Roaming\npm\node_modules\firebase-tools\lib\bin\firebase.js login
[debug] [2022-08-10T13:53:47.977Z] CLI Version:   11.5.0
[debug] [2022-08-10T13:53:47.977Z] Platform:      win32
[debug] [2022-08-10T13:53:47.977Z] Node Version:  v16.13.0
[debug] [2022-08-10T13:53:47.980Z] Time:          Wed Aug 10 2022 14:53:47 GMT+0100 (Central European Standard Time)
[debug] [2022-08-10T13:53:47.980Z] ----------------------------------------------------------------------
[debug] 
[debug] [2022-08-10T13:53:47.985Z] >>> [apiv2][query] GET https://firebase-public.firebaseio.com/cli.json [none]
[info] i  Firebase optionally collects CLI usage and error reporting information to help improve our products. Data is collected in accordance with Google's privacy policy (https://policies.google.com/privacy) and is not used to identify you.
 
[debug] [2022-08-10T13:53:48.618Z] <<< [apiv2][status] GET https://firebase-public.firebaseio.com/cli.json 200
[debug] [2022-08-10T13:53:48.620Z] <<< [apiv2][body] GET https://firebase-public.firebaseio.com/cli.json {"cloudBuildErrorAfter":1594252800000,"cloudBuildWarnAfter":1590019200000,"defaultNode10After":1594252800000,"minVersion":"3.0.5","node8DeploysDisabledAfter":1613390400000,"node8RuntimeDisabledAfter":1615809600000,"node8WarnAfter":1600128000000}
[info] i  To change your data collection preference at any time, run `firebase logout` and log in again. 
[info] 
[info] Visit this URL on this device to log in:
[info] https://accounts.google.com/o/oauth2/auth?client_id=563584335869-fgrhgmd47bqnekij5i8b5pr03ho849e6.apps.googleusercontent.com&scope=email%20openid%20https%3A%2F%2Fwww.googleapis.com%2Fauth%2Fcloudplatformprojects.readonly%20https%3A%2F%2Fwww.googleapis.com%2Fauth%2Ffirebase%20https%3A%2F%2Fwww.googleapis.com%2Fauth%2Fcloud-platform&response_type=code&state=326824827&redirect_uri=http%3A%2F%2Flocalhost%3A9005
[info] 
[info] Waiting for authentication...
[debug] [2022-08-10T13:53:50.101Z] Unable to open URL: Error: spawn UNKNOWN
    at ChildProcess.spawn (node:internal/child_process:412:11)
    at Object.spawn (node:child_process:698:9)
    at module.exports (C:\Users\x1 carbon\AppData\Roaming\npm\node_modules\firebase-tools\node_modules\open\index.js:114:34)
    at open (C:\Users\x1 carbon\AppData\Roaming\npm\node_modules\firebase-tools\lib\auth.js:139:5)
    at Server.<anonymous> (C:\Users\x1 carbon\AppData\Roaming\npm\node_modules\firebase-tools\lib\auth.js:371:13)
    at Object.onceWrapper (node:events:509:28)
    at Server.emit (node:events:390:28)
    at Server.emit (node:domain:475:12)
    at emitListeningNT (node:net:1368:10)
    at processTicksAndRejections (node:internal/process/task_queues:82:21)
